<?xml version="1.0" encoding="UTF-8"?>
<!-- Generated by org.testng.reporters.JUnitReportReporter -->
<testsuite hostname="DESKTOP-2C9RAEV" failures="0" tests="1" name="testCaseRepo.TC_002" time="15.290" errors="0" timestamp="2025-04-01T11:14:07 IST" skipped="0">
  <testcase classname="testCaseRepo.TC_002" name="LE_002" time="15.290">
    <system-out>
      <![CDATA[LE_002On Test Start excuted
LE_002On Test Success excuted]]>
    </system-out>
  </testcase> <!-- LE_002 -->
  <system-out>
    <![CDATA[LE_003On Test Start excuted
LE_003On Test Success excuted
LE_002On Test Start excuted
LE_002On Test Success excuted
CON_001On Test Start excuted
CON_001On Test Success excuted]]>
  </system-out>
</testsuite> <!-- testCaseRepo.TC_002 -->
