<?xml version="1.0" encoding="UTF-8"?>
<!-- Generated by org.testng.reporters.JUnitReportReporter -->
<testsuite hostname="DESKTOP-2C9RAEV" failures="0" tests="3" name="sample.TestNGPractice" time="0.035" errors="0" timestamp="2025-04-01T09:04:38 IST" skipped="1">
  <testcase classname="sample.TestNGPractice" name="modifyUser" time="0.009"/>
  <testcase classname="sample.TestNGPractice" name="deleteUser" time="0.026"/>
  <testcase classname="sample.TestNGPractice" name="createUser">
    <skipped/>
  </testcase> <!-- createUser -->
</testsuite> <!-- sample.TestNGPractice -->
