<?xml version="1.0" encoding="UTF-8"?>
<!-- Generated by org.testng.reporters.JUnitReportReporter -->
<testsuite hostname="DESKTOP-2C9RAEV" failures="0" tests="3" name="sample.TestNGPractice" time="0.027" errors="0" timestamp="2025-03-17T09:44:08 IST" skipped="1">
  <testcase classname="sample.TestNGPractice" name="modifyUser" time="0.004"/>
  <testcase classname="sample.TestNGPractice" name="deleteUser" time="0.023"/>
  <testcase classname="sample.TestNGPractice" name="createUser">
    <skipped/>
  </testcase> <!-- createUser -->
</testsuite> <!-- sample.TestNGPractice -->
