<?xml version="1.0" encoding="UTF-8"?>
<!-- Generated by org.testng.reporters.JUnitReportReporter -->
<testsuite hostname="DESKTOP-2C9RAEV" failures="0" tests="1" name="testCaseRepo.TC_003" time="40.212" errors="0" timestamp="2025-04-01T11:19:06 IST" skipped="0">
  <testcase classname="testCaseRepo.TC_003" name="LE_003" time="40.212"/>
</testsuite> <!-- testCaseRepo.TC_003 -->
