<?xml version="1.0" encoding="UTF-8"?>
<!-- Generated by org.testng.reporters.JUnitReportReporter -->
<testsuite hostname="DESKTOP-2C9RAEV" failures="0" tests="1" name="testCaseRepo.TC_005" time="16.843" errors="0" timestamp="2025-04-01T11:25:41 IST" skipped="0">
  <testcase classname="testCaseRepo.TC_005" name="CON_002" time="16.843"/>
  <system-out>
    <![CDATA[LE_001On Test Start excuted
LE_001On Test Failure excuted]]>
  </system-out>
</testsuite> <!-- testCaseRepo.TC_005 -->
