<?xml version="1.0" encoding="UTF-8"?>
<!-- Generated by org.testng.reporters.JUnitReportReporter -->
<testsuite hostname="DESKTOP-2C9RAEV" failures="0" tests="1" name="testCaseRepo.TC_004" time="38.550" errors="0" timestamp="2025-04-01T11:19:06 IST" skipped="0">
  <testcase classname="testCaseRepo.TC_004" name="CON_001" time="38.550"/>
</testsuite> <!-- testCaseRepo.TC_004 -->
