<?xml version="1.0" encoding="UTF-8"?>
<!-- Generated by org.testng.reporters.JUnitReportReporter -->
<testsuite hostname="DESKTOP-2C9RAEV" failures="0" tests="1" name="testCaseRepo.TC_006" time="16.578" errors="0" timestamp="2025-04-01T11:10:19 IST" skipped="0">
  <testcase classname="testCaseRepo.TC_006" name="CON_003" time="16.578">
    <system-out>
      <![CDATA[CON_003On Test Start excuted
CON_003On Test Success excuted]]>
    </system-out>
  </testcase> <!-- CON_003 -->
  <system-out>
    <![CDATA[LE_001On Test Start excuted
LE_001On Test Failure excuted
CON_003On Test Start excuted
CON_003On Test Success excuted
CON_001On Test Start excuted
CON_001On Test Success excuted]]>
  </system-out>
</testsuite> <!-- testCaseRepo.TC_006 -->
