<?xml version="1.0" encoding="UTF-8"?>
<!-- Generated by org.testng.reporters.JUnitReportReporter -->
<testsuite hostname="DESKTOP-2C9RAEV" failures="0" tests="3" name="sample.TestNGPractice" time="0.016" errors="0" timestamp="2025-03-28T11:15:50 IST" skipped="1">
  <testcase classname="sample.TestNGPractice" name="modifyUser" time="0.002"/>
  <testcase classname="sample.TestNGPractice" name="deleteUser" time="0.014"/>
  <testcase classname="sample.TestNGPractice" name="createUser">
    <skipped/>
  </testcase> <!-- createUser -->
</testsuite> <!-- sample.TestNGPractice -->
